<?xml version="1.0" encoding="UTF-8"?>
<testng-results ignored="0" total="1" passed="1" failed="0" skipped="0">
  <reporter-output>
  </reporter-output>
  <suite started-at="2022-06-16T14:04:11 NZST" name="Default suite" finished-at="2022-06-16T14:04:22 NZST" duration-ms="11314">
    <groups>
    </groups>
    <test started-at="2022-06-16T14:04:11 NZST" name="Default test" finished-at="2022-06-16T14:04:22 NZST" duration-ms="11314">
      <class name="com.qa.TestNG.TestCase3">
        <test-method signature="shop()[pri:0, instance:com.qa.TestNG.TestCase3@4e096385]" started-at="2022-06-16T14:04:11 NZST" name="shop" finished-at="2022-06-16T14:04:22 NZST" duration-ms="11265" status="PASS">
          <reporter-output>
          </reporter-output>
        </test-method> <!-- shop -->
      </class> <!-- com.qa.TestNG.TestCase3 -->
    </test> <!-- Default test -->
  </suite> <!-- Default suite -->
</testng-results>
